Unity Editor version:    2021.3.7f1 (24e8595d6d43)
Branch:                  2021.3/staging
Build type:              Release
Batch mode:              YES
macOS version:           Version 12.5.1 (Build 21G83)
Darwin version:          21.6.0
Architecture:            x86_64
Running under Rosetta:   NO
Available memory:        16384 MB
Using pre-set license
Pro License: YES

COMMAND LINE ARGUMENTS:
/Applications/Unity/Hub/Editor/2021.3.7f1/Unity.app/Contents/MacOS/Unity
-adb2
-batchMode
-noUpm
-name
AssetImportWorker4
-projectPath
/Users/bnidz/Documents/Unity Projects/ReverseSpeak-main
-logFile
Logs/AssetImportWorker4.log
-srvPort
56710
Successfully changed project path to: /Users/bnidz/Documents/Unity Projects/ReverseSpeak-main
/Users/bnidz/Documents/Unity Projects/ReverseSpeak-main
[UnityMemory] Configuration Parameters - Can be set up in boot.config
    "memorysetup-bucket-allocator-granularity=16"
    "memorysetup-bucket-allocator-bucket-count=8"
    "memorysetup-bucket-allocator-block-size=33554432"
    "memorysetup-bucket-allocator-block-count=8"
    "memorysetup-main-allocator-block-size=16777216"
    "memorysetup-thread-allocator-block-size=16777216"
    "memorysetup-gfx-main-allocator-block-size=16777216"
    "memorysetup-gfx-thread-allocator-block-size=16777216"
    "memorysetup-cache-allocator-block-size=4194304"
    "memorysetup-typetree-allocator-block-size=2097152"
    "memorysetup-profiler-bucket-allocator-granularity=16"
    "memorysetup-profiler-bucket-allocator-bucket-count=8"
    "memorysetup-profiler-bucket-allocator-block-size=33554432"
    "memorysetup-profiler-bucket-allocator-block-count=8"
    "memorysetup-profiler-allocator-block-size=16777216"
    "memorysetup-profiler-editor-allocator-block-size=1048576"
    "memorysetup-temp-allocator-size-main=16777216"
    "memorysetup-job-temp-allocator-block-size=2097152"
    "memorysetup-job-temp-allocator-block-size-background=1048576"
    "memorysetup-job-temp-allocator-reduction-small-platforms=262144"
    "memorysetup-temp-allocator-size-background-worker=32768"
    "memorysetup-temp-allocator-size-job-worker=262144"
    "memorysetup-temp-allocator-size-preload-manager=33554432"
    "memorysetup-temp-allocator-size-nav-mesh-worker=65536"
    "memorysetup-temp-allocator-size-audio-worker=65536"
    "memorysetup-temp-allocator-size-cloud-worker=32768"
    "memorysetup-temp-allocator-size-gi-baking-worker=262144"
    "memorysetup-temp-allocator-size-gfx=262144"
Refreshing native plugins compatible for Editor in 92.84 ms, found 7 plugins.
Preloading 0 native plugins for Editor in 0.00 ms.
Initialize engine version: 2021.3.7f1 (24e8595d6d43)
[Subsystems] Discovering subsystems at path /Applications/Unity/Hub/Editor/2021.3.7f1/Unity.app/Contents/Resources/UnitySubsystems
[Subsystems] Discovering subsystems at path /Users/bnidz/Documents/Unity Projects/ReverseSpeak-main/Assets
GfxDevice: creating device client; threaded=0; jobified=0
Color LCD preferred device: AMD Radeon Pro 5300M (high power)
Metal devices available: 2
0: AMD Radeon Pro 5300M (high power)
1: Intel(R) UHD Graphics 630 (low power)
Using device AMD Radeon Pro 5300M (high power)
Initializing Metal device caps: AMD Radeon Pro 5300M
Initialize mono
Mono path[0] = '/Applications/Unity/Hub/Editor/2021.3.7f1/Unity.app/Contents/Managed'
Mono path[1] = '/Applications/Unity/Hub/Editor/2021.3.7f1/Unity.app/Contents/MonoBleedingEdge/lib/mono/unityjit-macos'
Mono config path = '/Applications/Unity/Hub/Editor/2021.3.7f1/Unity.app/Contents/MonoBleedingEdge/etc'
Using monoOptions --debugger-agent=transport=dt_socket,embedding=1,server=y,suspend=n,address=127.0.0.1:56040
Begin MonoManager ReloadAssembly
Registering precompiled unity dll's ...
Register platform support module: /Applications/Unity/Hub/Editor/2021.3.7f1/PlaybackEngines/WebGLSupport/UnityEditor.WebGL.Extensions.dll
Register platform support module: /Applications/Unity/Hub/Editor/2021.3.7f1/Unity.app/Contents/PlaybackEngines/MacStandaloneSupport/UnityEditor.OSXStandalone.Extensions.dll
Register platform support module: /Applications/Unity/Hub/Editor/2021.3.7f1/PlaybackEngines/iOSSupport/UnityEditor.iOS.Extensions.dll
Registered in 0.005982 seconds.
[usbmuxd] Start listen thread
[usbmuxd] Listen thread started
[usbmuxd] Send listen message
Native extension for iOS target not found
[usbmuxd] Attached: 330 00008027-0004286821E3002E
Native extension for OSXStandalone target not found
Native extension for WebGL target not found
Refreshing native plugins compatible for Editor in 46.71 ms, found 7 plugins.
Preloading 0 native plugins for Editor in 0.00 ms.
Mono: successfully reloaded assembly
- Completed reload, in  1.223 seconds
Domain Reload Profiling:
	ReloadAssembly (1223ms)
		BeginReloadAssembly (161ms)
			ExecutionOrderSort (0ms)
			DisableScriptedObjects (0ms)
			BackupInstance (0ms)
			ReleaseScriptingObjects (0ms)
			CreateAndSetChildDomain (1ms)
		EndReloadAssembly (865ms)
			LoadAssemblies (164ms)
			RebuildTransferFunctionScriptingTraits (3ms)
			SetupTypeCache (287ms)
			ReleaseScriptCaches (0ms)
			RebuildScriptCaches (41ms)
			SetupLoadedEditorAssemblies (452ms)
				LogAssemblyErrors (0ms)
				InitializePlatformSupportModulesInManaged (157ms)
				SetLoadedEditorAssemblies (0ms)
				RefreshPlugins (47ms)
				BeforeProcessingInitializeOnLoad (2ms)
				ProcessInitializeOnLoadAttributes (192ms)
				ProcessInitializeOnLoadMethodAttributes (54ms)
				AfterProcessingInitializeOnLoad (0ms)
				EditorAssembliesLoaded (0ms)
			ExecutionOrderSort2 (0ms)
			AwakeInstancesAfterBackupRestoration (0ms)
Platform modules already initialized, skipping
Registering precompiled user dll's ...
Registered in 0.016159 seconds.
Begin MonoManager ReloadAssembly
Native extension for iOS target not found
Native extension for OSXStandalone target not found
Native extension for WebGL target not found
Refreshing native plugins compatible for Editor in 0.88 ms, found 7 plugins.
Preloading 0 native plugins for Editor in 0.00 ms.
Package Manager log level set to [2]
Mono: successfully reloaded assembly
- Completed reload, in  1.593 seconds
Domain Reload Profiling:
	ReloadAssembly (1594ms)
		BeginReloadAssembly (133ms)
			ExecutionOrderSort (0ms)
			DisableScriptedObjects (6ms)
			BackupInstance (0ms)
			ReleaseScriptingObjects (0ms)
			CreateAndSetChildDomain (28ms)
		EndReloadAssembly (1290ms)
			LoadAssemblies (122ms)
			RebuildTransferFunctionScriptingTraits (0ms)
			SetupTypeCache (310ms)
			ReleaseScriptCaches (0ms)
			RebuildScriptCaches (71ms)
			SetupLoadedEditorAssemblies (733ms)
				LogAssemblyErrors (0ms)
				InitializePlatformSupportModulesInManaged (76ms)
				SetLoadedEditorAssemblies (1ms)
				RefreshPlugins (1ms)
				BeforeProcessingInitializeOnLoad (78ms)
				ProcessInitializeOnLoadAttributes (427ms)
				ProcessInitializeOnLoadMethodAttributes (150ms)
				AfterProcessingInitializeOnLoad (1ms)
				EditorAssembliesLoaded (0ms)
			ExecutionOrderSort2 (0ms)
			AwakeInstancesAfterBackupRestoration (4ms)
Platform modules already initialized, skipping
========================================================================
Worker process is ready to serve import requests
Launching external process: /Applications/Unity/Hub/Editor/2021.3.7f1/Unity.app/Contents/Tools/UnityShaderCompiler
Launched and connected shader compiler UnityShaderCompiler after 0.17 seconds
Refreshing native plugins compatible for Editor in 0.77 ms, found 7 plugins.
Preloading 0 native plugins for Editor in 0.00 ms.
Unloading 2330 Unused Serialized files (Serialized files now loaded: 0)
Unloading 89 unused Assets / (45.1 KB). Loaded Objects now: 2738.
Memory consumption went from 222.8 MB to 222.8 MB.
Total: 7.737837 ms (FindLiveObjects: 0.205230 ms CreateObjectMapping: 0.124642 ms MarkObjects: 7.292161 ms  DeleteObjects: 0.114652 ms)

AssetImportParameters requested are different than current active one (requested -> active):
  custom:video-decoder-ogg-theora: a1e56fd34408186e4bbccfd4996cb3dc -> 
  custom:container-muxer-webm: aa71ff27fc2769a1b78a27578f13a17b -> 
  custom:container-demuxer-webm: 4f35f7cbe854078d1ac9338744f61a02 -> 
  custom:video-encoder-webm-vp8: eb34c28f22e8b96e1ab97ce403110664 -> 
  custom:framework-osx-AVFoundation: e770b220cccbd017edd2c1fefb359320 -> 
  custom:audio-encoder-webm-vorbis: bf7c407c2cedff20999df2af8eb42d56 -> 
  custom:container-demuxer-ogg: 62fdf1f143b41e24485cea50d1cbac27 -> 
  custom:video-decoder-webm-vp8: 9c59270c3fd7afecdb556c50c9e8de78 -> 
  custom:audio-decoder-ogg-vorbis: bf7c407c2cedff20999df2af8eb42d56 -> 
========================================================================
Received Import Request.
  Time since last request: 1264429.310929 seconds.
  path: Assets/UI_GFX/font/Julee-Regular.ttf
  artifactKey: Guid(150e071b4a7dc40ffa601bbcc16e517c) Importer(815301076,1909f56bfc062723c751e8b465ee728b)
Start importing Assets/UI_GFX/font/Julee-Regular.ttf using Guid(150e071b4a7dc40ffa601bbcc16e517c) Importer(815301076,1909f56bfc062723c751e8b465ee728b)  -> (artifact id: 'f28275665764732f0495486332970928') in 0.447796 seconds 
========================================================================
Received Prepare
Refreshing native plugins compatible for Editor in 94.42 ms, found 7 plugins.
Preloading 0 native plugins for Editor in 0.00 ms.
Unloading 82 Unused Serialized files (Serialized files now loaded: 0)
Unloading 82 unused Assets / (22.9 KB). Loaded Objects now: 2782.
Memory consumption went from 186.3 MB to 186.3 MB.
Total: 252.581461 ms (FindLiveObjects: 2.383187 ms CreateObjectMapping: 0.523243 ms MarkObjects: 249.389860 ms  DeleteObjects: 0.279964 ms)

AssetImportParameters requested are different than current active one (requested -> active):
  custom:video-decoder-ogg-theora: a1e56fd34408186e4bbccfd4996cb3dc -> 
  custom:container-muxer-webm: aa71ff27fc2769a1b78a27578f13a17b -> 
  custom:container-demuxer-webm: 4f35f7cbe854078d1ac9338744f61a02 -> 
  custom:video-encoder-webm-vp8: eb34c28f22e8b96e1ab97ce403110664 -> 
  custom:framework-osx-AVFoundation: e770b220cccbd017edd2c1fefb359320 -> 
  custom:audio-encoder-webm-vorbis: bf7c407c2cedff20999df2af8eb42d56 -> 
  custom:container-demuxer-ogg: 62fdf1f143b41e24485cea50d1cbac27 -> 
  custom:video-decoder-webm-vp8: 9c59270c3fd7afecdb556c50c9e8de78 -> 
  custom:audio-decoder-ogg-vorbis: bf7c407c2cedff20999df2af8eb42d56 -> 
========================================================================
Received Import Request.
  Time since last request: 3866.964231 seconds.
  path: Assets/UI_GFX/font/Heartst-Regular SDF.asset
  artifactKey: Guid(36719c9b7db2046a69a0dc17740fda64) Importer(815301076,1909f56bfc062723c751e8b465ee728b)
Start importing Assets/UI_GFX/font/Heartst-Regular SDF.asset using Guid(36719c9b7db2046a69a0dc17740fda64) Importer(815301076,1909f56bfc062723c751e8b465ee728b)  -> (artifact id: '53cf00b0009e310402280ae7541b9fdb') in 3.389940 seconds 
========================================================================
Received Import Request.
  Time since last request: 175.168113 seconds.
  path: Assets/UI_GFX/font/Julee-Regular SDF.asset
  artifactKey: Guid(476cdf64c35e3426588bbea9552b4a15) Importer(815301076,1909f56bfc062723c751e8b465ee728b)
Start importing Assets/UI_GFX/font/Julee-Regular SDF.asset using Guid(476cdf64c35e3426588bbea9552b4a15) Importer(815301076,1909f56bfc062723c751e8b465ee728b)  -> (artifact id: '6e91914716ed83c05d4bfd7e64808b6d') in 0.233747 seconds 
[usbmuxd] Detached: 330 00008027-0004286821E3002E
========================================================================
Received Import Request.
  Time since last request: 3221.335660 seconds.
  path: Assets/UI_GFX/new_hearticon/newnewnew
  artifactKey: Guid(51be993d2aba449a08b47cf02f43a40e) Importer(815301076,1909f56bfc062723c751e8b465ee728b)
Start importing Assets/UI_GFX/new_hearticon/newnewnew using Guid(51be993d2aba449a08b47cf02f43a40e) Importer(815301076,1909f56bfc062723c751e8b465ee728b)  -> (artifact id: '6df7aea1a503d0992e87d4bf8912e127') in 0.010708 seconds 
========================================================================
Received Import Request.
  Time since last request: 148.627386 seconds.
  path: Assets/UI_GFX/heart_icon/shatter_in_middle.png
  artifactKey: Guid(ec7e7dde5c2c741b3844d15c9b210e84) Importer(815301076,1909f56bfc062723c751e8b465ee728b)
Start importing Assets/UI_GFX/heart_icon/shatter_in_middle.png using Guid(ec7e7dde5c2c741b3844d15c9b210e84) Importer(815301076,1909f56bfc062723c751e8b465ee728b)  -> (artifact id: '5eb6627c0669e82fa706281a255f1fbb') in 1.255082 seconds 
========================================================================
Received Import Request.
  Time since last request: 359.955123 seconds.
  path: Assets/UI_GFX/new_hearticon/newnewnew/heart_piece_right.png
  artifactKey: Guid(48499f1e45405438ebe878a34f6d089b) Importer(815301076,1909f56bfc062723c751e8b465ee728b)
Start importing Assets/UI_GFX/new_hearticon/newnewnew/heart_piece_right.png using Guid(48499f1e45405438ebe878a34f6d089b) Importer(815301076,1909f56bfc062723c751e8b465ee728b)  -> (artifact id: 'a657eb98ff3e30b5674fb4af6fb36307') in 0.065370 seconds 
========================================================================
Received Import Request.
  Time since last request: 0.285326 seconds.
  path: Assets/UI_GFX/new_hearticon/newnewnew/heart_only_outline.png
  artifactKey: Guid(78d82d804c36a459e9676384f46564c0) Importer(815301076,1909f56bfc062723c751e8b465ee728b)
Start importing Assets/UI_GFX/new_hearticon/newnewnew/heart_only_outline.png using Guid(78d82d804c36a459e9676384f46564c0) Importer(815301076,1909f56bfc062723c751e8b465ee728b)  -> (artifact id: '86ebce187690978a4b05269129f9238e') in 0.035698 seconds 
========================================================================
Received Import Request.
  Time since last request: 28.532821 seconds.
  path: Assets/UI_GFX/new_hearticon/newnewnew/heart_only_outline.png
  artifactKey: Guid(78d82d804c36a459e9676384f46564c0) Importer(815301076,1909f56bfc062723c751e8b465ee728b)
Start importing Assets/UI_GFX/new_hearticon/newnewnew/heart_only_outline.png using Guid(78d82d804c36a459e9676384f46564c0) Importer(815301076,1909f56bfc062723c751e8b465ee728b)  -> (artifact id: '9d3214823c2e4ee64316a676139a223a') in 0.056605 seconds 
========================================================================
Received Import Request.
  Time since last request: 9.110256 seconds.
  path: Assets/UI_GFX/new_hearticon/newnewnew/heart_only_outline.png
  artifactKey: Guid(78d82d804c36a459e9676384f46564c0) Importer(815301076,1909f56bfc062723c751e8b465ee728b)
Start importing Assets/UI_GFX/new_hearticon/newnewnew/heart_only_outline.png using Guid(78d82d804c36a459e9676384f46564c0) Importer(815301076,1909f56bfc062723c751e8b465ee728b)  -> (artifact id: '3c0314d22d04664ea9cf14cb287c0118') in 0.048206 seconds 
[usbmuxd] Attached: 1363 00008027-0004286821E3002E
========================================================================
Received Prepare
Refreshing native plugins compatible for Editor in 36.04 ms, found 7 plugins.
Preloading 0 native plugins for Editor in 0.00 ms.
Unloading 82 Unused Serialized files (Serialized files now loaded: 0)
Unloading 82 unused Assets / (22.9 KB). Loaded Objects now: 2788.
Memory consumption went from 195.4 MB to 195.3 MB.
Total: 40.617975 ms (FindLiveObjects: 0.541719 ms CreateObjectMapping: 0.142215 ms MarkObjects: 39.855904 ms  DeleteObjects: 0.075737 ms)

AssetImportParameters requested are different than current active one (requested -> active):
  custom:video-decoder-ogg-theora: a1e56fd34408186e4bbccfd4996cb3dc -> 
  custom:container-muxer-webm: aa71ff27fc2769a1b78a27578f13a17b -> 
  custom:container-demuxer-webm: 4f35f7cbe854078d1ac9338744f61a02 -> 
  custom:video-encoder-webm-vp8: eb34c28f22e8b96e1ab97ce403110664 -> 
  custom:framework-osx-AVFoundation: e770b220cccbd017edd2c1fefb359320 -> 
  custom:audio-encoder-webm-vorbis: bf7c407c2cedff20999df2af8eb42d56 -> 
  custom:container-demuxer-ogg: 62fdf1f143b41e24485cea50d1cbac27 -> 
  custom:video-decoder-webm-vp8: 9c59270c3fd7afecdb556c50c9e8de78 -> 
  custom:audio-decoder-ogg-vorbis: bf7c407c2cedff20999df2af8eb42d56 -> 
========================================================================
Received Prepare
Refreshing native plugins compatible for Editor in 43.18 ms, found 7 plugins.
Preloading 0 native plugins for Editor in 0.00 ms.
Unloading 82 Unused Serialized files (Serialized files now loaded: 0)
Unloading 82 unused Assets / (22.9 KB). Loaded Objects now: 2788.
Memory consumption went from 195.4 MB to 195.3 MB.
Total: 7.547028 ms (FindLiveObjects: 0.210251 ms CreateObjectMapping: 0.141577 ms MarkObjects: 7.158276 ms  DeleteObjects: 0.036134 ms)

AssetImportParameters requested are different than current active one (requested -> active):
  custom:video-decoder-ogg-theora: a1e56fd34408186e4bbccfd4996cb3dc -> 
  custom:container-muxer-webm: aa71ff27fc2769a1b78a27578f13a17b -> 
  custom:container-demuxer-webm: 4f35f7cbe854078d1ac9338744f61a02 -> 
  custom:video-encoder-webm-vp8: eb34c28f22e8b96e1ab97ce403110664 -> 
  custom:framework-osx-AVFoundation: e770b220cccbd017edd2c1fefb359320 -> 
  custom:audio-encoder-webm-vorbis: bf7c407c2cedff20999df2af8eb42d56 -> 
  custom:container-demuxer-ogg: 62fdf1f143b41e24485cea50d1cbac27 -> 
  custom:video-decoder-webm-vp8: 9c59270c3fd7afecdb556c50c9e8de78 -> 
  custom:audio-decoder-ogg-vorbis: bf7c407c2cedff20999df2af8eb42d56 -> 
========================================================================
Received Prepare
Refreshing native plugins compatible for Editor in 35.53 ms, found 7 plugins.
Preloading 0 native plugins for Editor in 0.00 ms.
Unloading 82 Unused Serialized files (Serialized files now loaded: 0)
Unloading 82 unused Assets / (23.1 KB). Loaded Objects now: 2788.
Memory consumption went from 195.4 MB to 195.3 MB.
Total: 7.329229 ms (FindLiveObjects: 0.206252 ms CreateObjectMapping: 0.126917 ms MarkObjects: 6.961243 ms  DeleteObjects: 0.033851 ms)

AssetImportParameters requested are different than current active one (requested -> active):
  custom:video-decoder-ogg-theora: a1e56fd34408186e4bbccfd4996cb3dc -> 
  custom:container-muxer-webm: aa71ff27fc2769a1b78a27578f13a17b -> 
  custom:container-demuxer-webm: 4f35f7cbe854078d1ac9338744f61a02 -> 
  custom:video-encoder-webm-vp8: eb34c28f22e8b96e1ab97ce403110664 -> 
  custom:framework-osx-AVFoundation: e770b220cccbd017edd2c1fefb359320 -> 
  custom:audio-encoder-webm-vorbis: bf7c407c2cedff20999df2af8eb42d56 -> 
  custom:container-demuxer-ogg: 62fdf1f143b41e24485cea50d1cbac27 -> 
  custom:video-decoder-webm-vp8: 9c59270c3fd7afecdb556c50c9e8de78 -> 
  custom:audio-decoder-ogg-vorbis: bf7c407c2cedff20999df2af8eb42d56 -> 
